The system is: Windows - 10.0.19041 - AMD64
Compiling the C compiler identification source file "CMakeCCompilerId.c" succeeded.
Compiler: C:/Program Files (x86)/Microsoft Visual Studio/2019/Community/VC/Tools/MSVC/14.27.29110/bin/Hostx64/x64/cl.exe 
Build flags: 
Id flags:  

The output was:
0
Microsoft (R) C/C++ 최적화 컴파일러 버전 19.27.29112(x64)
Copyright (c) Microsoft Corporation. All rights reserved.

CMakeCCompilerId.c
Microsoft (R) Incremental Linker Version 14.27.29112.0
Copyright (C) Microsoft Corporation.  All rights reserved.

/out:CMakeCCompilerId.exe 
CMakeCCompilerId.obj 


Compilation of the C compiler identification source "CMakeCCompilerId.c" produced "CMakeCCompilerId.exe"

Compilation of the C compiler identification source "CMakeCCompilerId.c" produced "CMakeCCompilerId.obj"

The C compiler identification is MSVC, found in "D:/대학/3학년/2학기/게임 인공지능/GameAI_Object_Making/GameAI_Object_Making/glm/out/build/x64-Debug(기본값)/CMakeFiles/3.17.20032601-MSVC_2/CompilerIdC/CMakeCCompilerId.exe"

Compiling the CXX compiler identification source file "CMakeCXXCompilerId.cpp" succeeded.
Compiler: C:/Program Files (x86)/Microsoft Visual Studio/2019/Community/VC/Tools/MSVC/14.27.29110/bin/Hostx64/x64/cl.exe 
Build flags: 
Id flags:  

The output was:
0
Microsoft (R) C/C++ 최적화 컴파일러 버전 19.27.29112(x64)
Copyright (c) Microsoft Corporation. All rights reserved.

CMakeCXXCompilerId.cpp
Microsoft (R) Incremental Linker Version 14.27.29112.0
Copyright (C) Microsoft Corporation.  All rights reserved.

/out:CMakeCXXCompilerId.exe 
CMakeCXXCompilerId.obj 


Compilation of the CXX compiler identification source "CMakeCXXCompilerId.cpp" produced "CMakeCXXCompilerId.exe"

Compilation of the CXX compiler identification source "CMakeCXXCompilerId.cpp" produced "CMakeCXXCompilerId.obj"

The CXX compiler identification is MSVC, found in "D:/대학/3학년/2학기/게임 인공지능/GameAI_Object_Making/GameAI_Object_Making/glm/out/build/x64-Debug(기본값)/CMakeFiles/3.17.20032601-MSVC_2/CompilerIdCXX/CMakeCXXCompilerId.exe"

Determining if the C compiler works passed with the following output:
Change Dir: D:/대학/3학년/2학기/게임 인공지능/GameAI_Object_Making/GameAI_Object_Making/glm/out/build/x64-Debug(기본값)/CMakeFiles/CMakeTmp

Run Build Command(s):C:/Program Files (x86)/Microsoft Visual Studio/2019/Community/Common7/IDE/CommonExtensions/Microsoft/CMake/Ninja/ninja.exe cmTC_c95a2 && [1/2] Building C object CMakeFiles\cmTC_c95a2.dir\testCCompiler.c.obj
[2/2] Linking C executable cmTC_c95a2.exe



Detecting C compiler ABI info compiled with the following output:
Change Dir: D:/대학/3학년/2학기/게임 인공지능/GameAI_Object_Making/GameAI_Object_Making/glm/out/build/x64-Debug(기본값)/CMakeFiles/CMakeTmp

Run Build Command(s):C:/Program Files (x86)/Microsoft Visual Studio/2019/Community/Common7/IDE/CommonExtensions/Microsoft/CMake/Ninja/ninja.exe cmTC_429fd && [1/2] Building C object CMakeFiles\cmTC_429fd.dir\CMakeCCompilerABI.c.obj
[2/2] Linking C executable cmTC_429fd.exe



Determining if the CXX compiler works passed with the following output:
Change Dir: D:/대학/3학년/2학기/게임 인공지능/GameAI_Object_Making/GameAI_Object_Making/glm/out/build/x64-Debug(기본값)/CMakeFiles/CMakeTmp

Run Build Command(s):C:/Program Files (x86)/Microsoft Visual Studio/2019/Community/Common7/IDE/CommonExtensions/Microsoft/CMake/Ninja/ninja.exe cmTC_46116 && [1/2] Building CXX object CMakeFiles\cmTC_46116.dir\testCXXCompiler.cxx.obj
[2/2] Linking CXX executable cmTC_46116.exe



Detecting CXX compiler ABI info compiled with the following output:
Change Dir: D:/대학/3학년/2학기/게임 인공지능/GameAI_Object_Making/GameAI_Object_Making/glm/out/build/x64-Debug(기본값)/CMakeFiles/CMakeTmp

Run Build Command(s):C:/Program Files (x86)/Microsoft Visual Studio/2019/Community/Common7/IDE/CommonExtensions/Microsoft/CMake/Ninja/ninja.exe cmTC_6666b && [1/2] Building CXX object CMakeFiles\cmTC_6666b.dir\CMakeCXXCompilerABI.cpp.obj
[2/2] Linking CXX executable cmTC_6666b.exe



