d:\university\3rd\2학기\3d 게임 아키텍쳐\gameenginemaking\gameenginemaking\debug\vc142.pdb
d:\university\3rd\2학기\3d 게임 아키텍쳐\gameenginemaking\gameenginemaking\debug\vc142.idb
d:\university\3rd\2학기\3d 게임 아키텍쳐\gameenginemaking\gameenginemaking\debug\time.obj
d:\university\3rd\2학기\3d 게임 아키텍쳐\gameenginemaking\gameenginemaking\debug\sphere.obj
d:\university\3rd\2학기\3d 게임 아키텍쳐\gameenginemaking\gameenginemaking\debug\renderer.obj
d:\university\3rd\2학기\3d 게임 아키텍쳐\gameenginemaking\gameenginemaking\debug\renderableobject.obj
d:\university\3rd\2학기\3d 게임 아키텍쳐\gameenginemaking\gameenginemaking\debug\object.obj
d:\university\3rd\2학기\3d 게임 아키텍쳐\gameenginemaking\gameenginemaking\debug\nonrendersample.obj
d:\university\3rd\2학기\3d 게임 아키텍쳐\gameenginemaking\gameenginemaking\debug\nonrenderableobject.obj
d:\university\3rd\2학기\3d 게임 아키텍쳐\gameenginemaking\gameenginemaking\debug\main.obj
d:\university\3rd\2학기\3d 게임 아키텍쳐\gameenginemaking\gameenginemaking\debug\filemanager.obj
d:\university\3rd\2학기\3d 게임 아키텍쳐\gameenginemaking\gameenginemaking\debug\controlableobject.obj
d:\university\3rd\2학기\3d 게임 아키텍쳐\gameenginemaking\debug\gameenginemaking.pdb
d:\university\3rd\2학기\3d 게임 아키텍쳐\gameenginemaking\gameenginemaking\debug\gameenginemaking.tlog\cl.command.1.tlog
d:\university\3rd\2학기\3d 게임 아키텍쳐\gameenginemaking\gameenginemaking\debug\gameenginemaking.tlog\cl.read.1.tlog
d:\university\3rd\2학기\3d 게임 아키텍쳐\gameenginemaking\gameenginemaking\debug\gameenginemaking.tlog\cl.write.1.tlog
d:\university\3rd\2학기\3d 게임 아키텍쳐\gameenginemaking\gameenginemaking\debug\gameenginemaking.tlog\link-cvtres.read.1.tlog
d:\university\3rd\2학기\3d 게임 아키텍쳐\gameenginemaking\gameenginemaking\debug\gameenginemaking.tlog\link-cvtres.write.1.tlog
d:\university\3rd\2학기\3d 게임 아키텍쳐\gameenginemaking\gameenginemaking\debug\gameenginemaking.tlog\link-rc.read.1.tlog
d:\university\3rd\2학기\3d 게임 아키텍쳐\gameenginemaking\gameenginemaking\debug\gameenginemaking.tlog\link-rc.write.1.tlog
d:\university\3rd\2학기\3d 게임 아키텍쳐\gameenginemaking\gameenginemaking\debug\gameenginemaking.tlog\link.command.1.tlog
d:\university\3rd\2학기\3d 게임 아키텍쳐\gameenginemaking\gameenginemaking\debug\gameenginemaking.tlog\link.read.1.tlog
d:\university\3rd\2학기\3d 게임 아키텍쳐\gameenginemaking\gameenginemaking\debug\gameenginemaking.tlog\link.write.1.tlog
