ControlableObject.obj : error LNK2019: _glfwGetKey"public: void __thiscall ControlableObject::computeMatricesFromInputs(struct GLFWwindow *,class RenderableObject *)" (?computeMatricesFromInputs@ControlableObject@@QAEXPAUGLFWwindow@@PAVRenderableObject@@@Z) 함수에서 참조되는 확인할 수 없는 외부 기호
ControlableObject.obj : error LNK2019: _glfwGetCursorPos"public: void __thiscall ControlableObject::computeMatricesFromInputs(struct GLFWwindow *,class RenderableObject *)" (?computeMatricesFromInputs@ControlableObject@@QAEXPAUGLFWwindow@@PAVRenderableObject@@@Z) 함수에서 참조되는 확인할 수 없는 외부 기호
ControlableObject.obj : error LNK2019: _glfwSetCursorPos"public: void __thiscall ControlableObject::computeMatricesFromInputs(struct GLFWwindow *,class RenderableObject *)" (?computeMatricesFromInputs@ControlableObject@@QAEXPAUGLFWwindow@@PAVRenderableObject@@@Z) 함수에서 참조되는 확인할 수 없는 외부 기호
Renderer.obj : error LNK2001: 확인할 수 없는 외부 기호 _glfwSetCursorPos
ControlableObject.obj : error LNK2019: _glfwGetTime"public: void __thiscall ControlableObject::computeMatricesFromInputs(struct GLFWwindow *,class RenderableObject *)" (?computeMatricesFromInputs@ControlableObject@@QAEXPAUGLFWwindow@@PAVRenderableObject@@@Z) 함수에서 참조되는 확인할 수 없는 외부 기호
FileManager.obj : error LNK2019: __imp____glewCompressedTexImage2D"public: unsigned int __thiscall FileManager::loadDDS(char const *)" (?loadDDS@FileManager@@QAEIPBD@Z) 함수에서 참조되는 확인할 수 없는 외부 기호
FileManager.obj : error LNK2019: __imp____glewBindBuffer"public: void __thiscall FileManager::loadObj(class RenderableObject *,class std::basic_string<char,struct std::char_traits<char>,class std::allocator<char> >,class std::basic_string<char,struct std::char_traits<char>,class std::allocator<char> >,class std::basic_string<char,struct std::char_traits<char>,class std::allocator<char> >,class std::basic_string<char,struct std::char_traits<char>,class std::allocator<char> >,class Renderer *)" (?loadObj@FileManager@@QAEXPAVRenderableObject@@V?$basic_string@DU?$char_traits@D@std@@V?$allocator@D@2@@std@@111PAVRenderer@@@Z) 함수에서 참조되는 확인할 수 없는 외부 기호
Renderer.obj : error LNK2001: 확인할 수 없는 외부 기호 __imp____glewBindBuffer
FileManager.obj : error LNK2019: __imp____glewBufferData"public: void __thiscall FileManager::loadObj(class RenderableObject *,class std::basic_string<char,struct std::char_traits<char>,class std::allocator<char> >,class std::basic_string<char,struct std::char_traits<char>,class std::allocator<char> >,class std::basic_string<char,struct std::char_traits<char>,class std::allocator<char> >,class std::basic_string<char,struct std::char_traits<char>,class std::allocator<char> >,class Renderer *)" (?loadObj@FileManager@@QAEXPAVRenderableObject@@V?$basic_string@DU?$char_traits@D@std@@V?$allocator@D@2@@std@@111PAVRenderer@@@Z) 함수에서 참조되는 확인할 수 없는 외부 기호
FileManager.obj : error LNK2019: __imp____glewGenBuffers"public: void __thiscall FileManager::loadObj(class RenderableObject *,class std::basic_string<char,struct std::char_traits<char>,class std::allocator<char> >,class std::basic_string<char,struct std::char_traits<char>,class std::allocator<char> >,class std::basic_string<char,struct std::char_traits<char>,class std::allocator<char> >,class std::basic_string<char,struct std::char_traits<char>,class std::allocator<char> >,class Renderer *)" (?loadObj@FileManager@@QAEXPAVRenderableObject@@V?$basic_string@DU?$char_traits@D@std@@V?$allocator@D@2@@std@@111PAVRenderer@@@Z) 함수에서 참조되는 확인할 수 없는 외부 기호
FileManager.obj : error LNK2019: __imp____glewAttachShader"public: unsigned int __thiscall FileManager::LoadShaders(char const *,char const *)" (?LoadShaders@FileManager@@QAEIPBD0@Z) 함수에서 참조되는 확인할 수 없는 외부 기호
FileManager.obj : error LNK2019: __imp____glewCompileShader"public: unsigned int __thiscall FileManager::LoadShaders(char const *,char const *)" (?LoadShaders@FileManager@@QAEIPBD0@Z) 함수에서 참조되는 확인할 수 없는 외부 기호
FileManager.obj : error LNK2019: __imp____glewCreateProgram"public: unsigned int __thiscall FileManager::LoadShaders(char const *,char const *)" (?LoadShaders@FileManager@@QAEIPBD0@Z) 함수에서 참조되는 확인할 수 없는 외부 기호
FileManager.obj : error LNK2019: __imp____glewCreateShader"public: unsigned int __thiscall FileManager::LoadShaders(char const *,char const *)" (?LoadShaders@FileManager@@QAEIPBD0@Z) 함수에서 참조되는 확인할 수 없는 외부 기호
FileManager.obj : error LNK2019: __imp____glewDeleteShader"public: unsigned int __thiscall FileManager::LoadShaders(char const *,char const *)" (?LoadShaders@FileManager@@QAEIPBD0@Z) 함수에서 참조되는 확인할 수 없는 외부 기호
FileManager.obj : error LNK2019: __imp____glewDetachShader"public: unsigned int __thiscall FileManager::LoadShaders(char const *,char const *)" (?LoadShaders@FileManager@@QAEIPBD0@Z) 함수에서 참조되는 확인할 수 없는 외부 기호
FileManager.obj : error LNK2019: __imp____glewGetProgramInfoLog"public: unsigned int __thiscall FileManager::LoadShaders(char const *,char const *)" (?LoadShaders@FileManager@@QAEIPBD0@Z) 함수에서 참조되는 확인할 수 없는 외부 기호
FileManager.obj : error LNK2019: __imp____glewGetProgramiv"public: unsigned int __thiscall FileManager::LoadShaders(char const *,char const *)" (?LoadShaders@FileManager@@QAEIPBD0@Z) 함수에서 참조되는 확인할 수 없는 외부 기호
FileManager.obj : error LNK2019: __imp____glewGetShaderInfoLog"public: unsigned int __thiscall FileManager::LoadShaders(char const *,char const *)" (?LoadShaders@FileManager@@QAEIPBD0@Z) 함수에서 참조되는 확인할 수 없는 외부 기호
FileManager.obj : error LNK2019: __imp____glewGetShaderiv"public: unsigned int __thiscall FileManager::LoadShaders(char const *,char const *)" (?LoadShaders@FileManager@@QAEIPBD0@Z) 함수에서 참조되는 확인할 수 없는 외부 기호
FileManager.obj : error LNK2019: __imp____glewGetUniformLocation"public: void __thiscall FileManager::loadObj(class RenderableObject *,class std::basic_string<char,struct std::char_traits<char>,class std::allocator<char> >,class std::basic_string<char,struct std::char_traits<char>,class std::allocator<char> >,class std::basic_string<char,struct std::char_traits<char>,class std::allocator<char> >,class std::basic_string<char,struct std::char_traits<char>,class std::allocator<char> >,class Renderer *)" (?loadObj@FileManager@@QAEXPAVRenderableObject@@V?$basic_string@DU?$char_traits@D@std@@V?$allocator@D@2@@std@@111PAVRenderer@@@Z) 함수에서 참조되는 확인할 수 없는 외부 기호
FileManager.obj : error LNK2019: __imp____glewLinkProgram"public: unsigned int __thiscall FileManager::LoadShaders(char const *,char const *)" (?LoadShaders@FileManager@@QAEIPBD0@Z) 함수에서 참조되는 확인할 수 없는 외부 기호
FileManager.obj : error LNK2019: __imp____glewShaderSource"public: unsigned int __thiscall FileManager::LoadShaders(char const *,char const *)" (?LoadShaders@FileManager@@QAEIPBD0@Z) 함수에서 참조되는 확인할 수 없는 외부 기호
FileManager.obj : error LNK2019: __imp____glewUseProgram"public: void __thiscall FileManager::loadObj(class RenderableObject *,class std::basic_string<char,struct std::char_traits<char>,class std::allocator<char> >,class std::basic_string<char,struct std::char_traits<char>,class std::allocator<char> >,class std::basic_string<char,struct std::char_traits<char>,class std::allocator<char> >,class std::basic_string<char,struct std::char_traits<char>,class std::allocator<char> >,class Renderer *)" (?loadObj@FileManager@@QAEXPAVRenderableObject@@V?$basic_string@DU?$char_traits@D@std@@V?$allocator@D@2@@std@@111PAVRenderer@@@Z) 함수에서 참조되는 확인할 수 없는 외부 기호
Renderer.obj : error LNK2001: 확인할 수 없는 외부 기호 __imp____glewUseProgram
FileManager.obj : error LNK2019: __imp____glewBindVertexArray"public: void __thiscall FileManager::loadObj(class RenderableObject *,class std::basic_string<char,struct std::char_traits<char>,class std::allocator<char> >,class std::basic_string<char,struct std::char_traits<char>,class std::allocator<char> >,class std::basic_string<char,struct std::char_traits<char>,class std::allocator<char> >,class std::basic_string<char,struct std::char_traits<char>,class std::allocator<char> >,class Renderer *)" (?loadObj@FileManager@@QAEXPAVRenderableObject@@V?$basic_string@DU?$char_traits@D@std@@V?$allocator@D@2@@std@@111PAVRenderer@@@Z) 함수에서 참조되는 확인할 수 없는 외부 기호
FileManager.obj : error LNK2019: __imp____glewGenVertexArrays"public: void __thiscall FileManager::loadObj(class RenderableObject *,class std::basic_string<char,struct std::char_traits<char>,class std::allocator<char> >,class std::basic_string<char,struct std::char_traits<char>,class std::allocator<char> >,class std::basic_string<char,struct std::char_traits<char>,class std::allocator<char> >,class std::basic_string<char,struct std::char_traits<char>,class std::allocator<char> >,class Renderer *)" (?loadObj@FileManager@@QAEXPAVRenderableObject@@V?$basic_string@DU?$char_traits@D@std@@V?$allocator@D@2@@std@@111PAVRenderer@@@Z) 함수에서 참조되는 확인할 수 없는 외부 기호
RenderableObject.obj : error LNK2019: __imp____glewDeleteBuffers"public: virtual void __thiscall RenderableObject::shutDown(void)" (?shutDown@RenderableObject@@UAEXXZ) 함수에서 참조되는 확인할 수 없는 외부 기호
RenderableObject.obj : error LNK2019: __imp____glewDeleteVertexArrays"public: virtual void __thiscall RenderableObject::shutDown(void)" (?shutDown@RenderableObject@@UAEXXZ) 함수에서 참조되는 확인할 수 없는 외부 기호
Renderer.obj : error LNK2019: __imp__glewInit@0"public: void __thiscall Renderer::init(void)" (?init@Renderer@@QAEXXZ) 함수에서 참조되는 확인할 수 없는 외부 기호
Renderer.obj : error LNK2019: __imp__glewGetErrorString@4"public: void __thiscall Renderer::init(void)" (?init@Renderer@@QAEXXZ) 함수에서 참조되는 확인할 수 없는 외부 기호
Renderer.obj : error LNK2019: _glfwInit"public: void __thiscall Renderer::init(void)" (?init@Renderer@@QAEXXZ) 함수에서 참조되는 확인할 수 없는 외부 기호
Renderer.obj : error LNK2019: _glfwTerminate"public: void __thiscall Renderer::init(void)" (?init@Renderer@@QAEXXZ) 함수에서 참조되는 확인할 수 없는 외부 기호
Renderer.obj : error LNK2019: _glfwWindowHint"public: void __thiscall Renderer::init(void)" (?init@Renderer@@QAEXXZ) 함수에서 참조되는 확인할 수 없는 외부 기호
Renderer.obj : error LNK2019: _glfwCreateWindow"public: void __thiscall Renderer::init(void)" (?init@Renderer@@QAEXXZ) 함수에서 참조되는 확인할 수 없는 외부 기호
Renderer.obj : error LNK2019: _glfwPollEvents"public: void __thiscall Renderer::init(void)" (?init@Renderer@@QAEXXZ) 함수에서 참조되는 확인할 수 없는 외부 기호
Renderer.obj : error LNK2019: _glfwSetInputMode"public: void __thiscall Renderer::init(void)" (?init@Renderer@@QAEXXZ) 함수에서 참조되는 확인할 수 없는 외부 기호
Renderer.obj : error LNK2019: _glfwMakeContextCurrent"public: void __thiscall Renderer::init(void)" (?init@Renderer@@QAEXXZ) 함수에서 참조되는 확인할 수 없는 외부 기호
Renderer.obj : error LNK2019: _glfwSwapBuffers"public: void __thiscall Renderer::render(void)" (?render@Renderer@@QAEXXZ) 함수에서 참조되는 확인할 수 없는 외부 기호
Renderer.obj : error LNK2019: __imp____glewActiveTexture"public: void __thiscall Renderer::render(void)" (?render@Renderer@@QAEXXZ) 함수에서 참조되는 확인할 수 없는 외부 기호
Renderer.obj : error LNK2019: __imp____glewDeleteProgram"public: virtual void __thiscall Renderer::shutDown(void)" (?shutDown@Renderer@@UAEXXZ) 함수에서 참조되는 확인할 수 없는 외부 기호
Renderer.obj : error LNK2019: __imp____glewDisableVertexAttribArray"public: void __thiscall Renderer::render(void)" (?render@Renderer@@QAEXXZ) 함수에서 참조되는 확인할 수 없는 외부 기호
Renderer.obj : error LNK2019: __imp____glewEnableVertexAttribArray"public: void __thiscall Renderer::render(void)" (?render@Renderer@@QAEXXZ) 함수에서 참조되는 확인할 수 없는 외부 기호
Renderer.obj : error LNK2019: __imp____glewUniform1i"public: void __thiscall Renderer::render(void)" (?render@Renderer@@QAEXXZ) 함수에서 참조되는 확인할 수 없는 외부 기호
Renderer.obj : error LNK2019: __imp____glewUniform3f"public: void __thiscall Renderer::render(void)" (?render@Renderer@@QAEXXZ) 함수에서 참조되는 확인할 수 없는 외부 기호
Renderer.obj : error LNK2019: __imp____glewUniformMatrix4fv"public: void __thiscall Renderer::render(void)" (?render@Renderer@@QAEXXZ) 함수에서 참조되는 확인할 수 없는 외부 기호
Renderer.obj : error LNK2019: __imp____glewVertexAttribPointer"public: void __thiscall Renderer::render(void)" (?render@Renderer@@QAEXXZ) 함수에서 참조되는 확인할 수 없는 외부 기호
Renderer.obj : error LNK2019: __imp__glewExperimental"public: void __thiscall Renderer::init(void)" (?init@Renderer@@QAEXXZ) 함수에서 참조되는 확인할 수 없는 외부 기호
lib-vc2017\glew32.lib : warning LNK4272: 'x64' 라이브러리 컴퓨터 종류가 'x86' 대상 컴퓨터 종류와 충돌합니다.
lib-vc2017\glfw3.lib : warning LNK4272: 'x64' 라이브러리 컴퓨터 종류가 'x86' 대상 컴퓨터 종류와 충돌합니다.
D:\University\3rd\2학기\3D 게임 아키텍쳐\GameEngineMaking\Debug\GameEngineMaking.exe : fatal error LNK1120: 45개의 확인할 수 없는 외부 참조입니다.
